<?xml version="1.0" encoding="UTF-8"?>
<!-- Generated by org.testng.reporters.JUnitReportReporter -->
<testsuite skipped="0" hostname="HITESH" name="testcases.Login" tests="1" failures="0" timestamp="2020-02-01T17:10:22 CST" time="31.320" errors="0">
  <testcase name="Login" time="31.320" classname="testcases.Login"/>
</testsuite> <!-- testcases.Login -->
